git://anonscm.debian.org/mirrorer/reprepro.git

coswebsite.conf
Alias /cos "/home/cos/cosrepo/"
Alias /cos/ "/home/cos/cosrepo/"
<Directory "/home/cos/cosrepo/">
    Options all
</Directory>

install cinnamon in fedora 18
[xifei@localhost 18]$ sudo yum groupinstall "Cinnamon Desktop"
已加载插件：langpacks, presto, refresh-packagekit
包 gstreamer1-plugins-bad-free-1.0.9-1.fc18.i686 已安装并且是最新版本
包 gstreamer1-plugins-good-1.0.9-1.fc18.i686 已安装并且是最新版本
Warning: Group multimedia does not have any packages to install.
包 gtk2-immodule-xim-2.24.19-1.fc18.i686 已安装并且是最新版本
包 imsettings-gnome-1.5.1-2.fc18.i686 已安装并且是最新版本
包 ibus-gtk3-1.5.3-1.fc18.i686 已安装并且是最新版本
包 ibus-gtk2-1.5.3-1.fc18.i686 已安装并且是最新版本
包 gtk3-immodule-xim-3.6.4-2.fc18.i686 已安装并且是最新版本
Warning: Group base-x does not have any packages to install.
Warning: Group fonts does not have any packages to install.
Warning: Group hardware-support does not have any packages to install.
Warning: Group dial-up does not have any packages to install.
Warning: Group printing does not have any packages to install.
包 chrony-1.29-1.fc18.i686 已安装并且是最新版本
Warning: Group standard does not have any packages to install.
解决依赖关系
--> 执行事务检查
---> 软件包 cinnamon.i686.0.1.6.7-2.fc18 将被 安装
--> 处理依赖关系 cinnamon-settings = 1.6.7-2.fc18，它被软件包 cinnamon-1.6.7-2.fc18.i686 需要
--> 处理依赖关系 muffin(x86-32) >= 1.1.0，它被软件包 cinnamon-1.6.7-2.fc18.i686 需要
--> 处理依赖关系 libmuffin.so.0，它被软件包 cinnamon-1.6.7-2.fc18.i686 需要
---> 软件包 ibus-qt.i686.0.1.3.2-2.fc18 将被 安装
---> 软件包 imsettings-qt.i686.0.1.5.1-2.fc18 将被 安装
---> 软件包 iprutils.i686.0.2.3.13-1.fc18 将被 安装
---> 软件包 nemo.i686.0.1.1.2-1.fc18 将被 安装
--> 处理依赖关系 nemo-extensions(x86-32) = 1.1.2-1.fc18，它被软件包 nemo-1.1.2-1.fc18.i686 需要
--> 处理依赖关系 libnemo-extension.so.1，它被软件包 nemo-1.1.2-1.fc18.i686 需要
---> 软件包 nemo-open-terminal.i686.0.1.0.0-1.fc18 将被 安装
---> 软件包 system-config-language.noarch.0.1.3.5-19.fc18 将被 安装
---> 软件包 thunderbird.i686.0.17.0.8-1.fc18 将被 安装
--> 执行事务检查
---> 软件包 cinnamon-settings.noarch.0.1.6.7-2.fc18 将被 安装
--> 处理依赖关系 python-lxml，它被软件包 cinnamon-settings-1.6.7-2.fc18.noarch 需要
--> 处理依赖关系 gnome-python2-gconf，它被软件包 cinnamon-settings-1.6.7-2.fc18.noarch 需要
---> 软件包 muffin.i686.0.1.1.2-1.fc18 将被 安装
---> 软件包 nemo-extensions.i686.0.1.1.2-1.fc18 将被 安装
--> 执行事务检查
---> 软件包 gnome-python2-gconf.i686.0.2.28.1-9.fc18 将被 安装
---> 软件包 python-lxml.i686.0.3.2.1-1.fc18 将被 安装
--> 完成依赖关系计算

依赖关系解决

================================================================================
 Package                     架构        版本                仓库          大小
================================================================================
正在安装:
 cinnamon                    i686        1.6.7-2.fc18        fedora       2.0 M
 ibus-qt                     i686        1.3.2-2.fc18        updates      138 k
 imsettings-qt               i686        1.5.1-2.fc18        updates       96 k
 iprutils                    i686        2.3.13-1.fc18       updates      202 k
 nemo                        i686        1.1.2-1.fc18        fedora       2.7 M
 nemo-open-terminal          i686        1.0.0-1.fc18        fedora        67 k
 system-config-language      noarch      1.3.5-19.fc18       updates      149 k
 thunderbird                 i686        17.0.8-1.fc18       updates       40 M
为依赖而安装:
 cinnamon-settings           noarch      1.6.7-2.fc18        fedora       163 k
 gnome-python2-gconf         i686        2.28.1-9.fc18       fedora        44 k
 muffin                      i686        1.1.2-1.fc18        fedora       1.0 M
 nemo-extensions             i686        1.1.2-1.fc18        fedora        20 k
 python-lxml                 i686        3.2.1-1.fc18        updates      717 k

事务概要
================================================================================
安装  8 软件包 (+5 Dependent packages)

总下载量：47 M
安装大小：99 M
确定吗？[y/N]：y
下载软件包：
(1/13): cinnamon-1.6.7-2.fc18.i686.rpm                                                                | 2.0 MB  00:00:00     
(2/13): cinnamon-settings-1.6.7-2.fc18.noarch.rpm                                                     | 163 kB  00:00:00     
(3/13): gnome-python2-gconf-2.28.1-9.fc18.i686.rpm                                                    |  44 kB  00:00:00     
(4/13): ibus-qt-1.3.2-2.fc18.i686.rpm                                                                 | 138 kB  00:00:00     
(5/13): imsettings-qt-1.5.1-2.fc18.i686.rpm                                                           |  96 kB  00:00:00     
(6/13): iprutils-2.3.13-1.fc18.i686.rpm                                                               | 202 kB  00:00:00     
(7/13): muffin-1.1.2-1.fc18.i686.rpm                                                                  | 1.0 MB  00:00:01     
(8/13): nemo-1.1.2-1.fc18.i686.rpm                                                                    | 2.7 MB  00:00:00     
(9/13): nemo-extensions-1.1.2-1.fc18.i686.rpm                                                         |  20 kB  00:00:00     
(10/13): nemo-open-terminal-1.0.0-1.fc18.i686.rpm                                                     |  67 kB  00:00:00     
(11/13): python-lxml-3.2.1-1.fc18.i686.rpm                                                            | 717 kB  00:00:00     
(12/13): system-config-language-1.3.5-19.fc18.noarch.rpm                                              | 149 kB  00:00:00     
(13/13): thunderbird-17.0.8-1.fc18.i686.rpm                                                           |  40 MB  00:00:11     
-----------------------------------------------------------------------------------------------------------------------------
总计                                                                                         3.3 MB/s |  47 MB     00:14     
运行事务检查
执行事务测试
事务测试成功
执行事务
  正在安装    : nemo-extensions-1.1.2-1.fc18.i686                                                                       1/13 
  正在安装    : nemo-1.1.2-1.fc18.i686                                                                                  2/13 
  正在安装    : muffin-1.1.2-1.fc18.i686                                                                                3/13 
  正在安装    : gnome-python2-gconf-2.28.1-9.fc18.i686                                                                  4/13 
  正在安装    : python-lxml-3.2.1-1.fc18.i686                                                                           5/13 
  正在安装    : cinnamon-settings-1.6.7-2.fc18.noarch                                                                   6/13 
  正在安装    : cinnamon-1.6.7-2.fc18.i686                                                                              7/13 
  正在安装    : thunderbird-17.0.8-1.fc18.i686                                                                          8/13 
  正在安装    : system-config-language-1.3.5-19.fc18.noarch                                                             9/13 
  正在安装    : nemo-open-terminal-1.0.0-1.fc18.i686                                                                   10/13 
  正在安装    : imsettings-qt-1.5.1-2.fc18.i686                                                                        11/13 
  正在安装    : iprutils-2.3.13-1.fc18.i686                                                                            12/13 
  正在安装    : ibus-qt-1.3.2-2.fc18.i686                                                                              13/13 
  Verifying   : python-lxml-3.2.1-1.fc18.i686                                                                           1/13 
  Verifying   : gnome-python2-gconf-2.28.1-9.fc18.i686                                                                  2/13 
  Verifying   : ibus-qt-1.3.2-2.fc18.i686                                                                               3/13 
  Verifying   : nemo-1.1.2-1.fc18.i686                                                                                  4/13 
  Verifying   : system-config-language-1.3.5-19.fc18.noarch                                                             5/13 
  Verifying   : thunderbird-17.0.8-1.fc18.i686                                                                          6/13 
  Verifying   : nemo-open-terminal-1.0.0-1.fc18.i686                                                                    7/13 
  Verifying   : cinnamon-settings-1.6.7-2.fc18.noarch                                                                   8/13 
  Verifying   : cinnamon-1.6.7-2.fc18.i686                                                                              9/13 
  Verifying   : muffin-1.1.2-1.fc18.i686                                                                               10/13 
  Verifying   : iprutils-2.3.13-1.fc18.i686                                                                            11/13 
  Verifying   : nemo-extensions-1.1.2-1.fc18.i686                                                                      12/13 
  Verifying   : imsettings-qt-1.5.1-2.fc18.i686                                                                        13/13 

已安装:
  cinnamon.i686 0:1.6.7-2.fc18                    ibus-qt.i686 0:1.3.2-2.fc18        imsettings-qt.i686 0:1.5.1-2.fc18       
  iprutils.i686 0:2.3.13-1.fc18                   nemo.i686 0:1.1.2-1.fc18           nemo-open-terminal.i686 0:1.0.0-1.fc18  
  system-config-language.noarch 0:1.3.5-19.fc18   thunderbird.i686 0:17.0.8-1.fc18  

作为依赖被安装:
  cinnamon-settings.noarch 0:1.6.7-2.fc18      gnome-python2-gconf.i686 0:2.28.1-9.fc18      muffin.i686 0:1.1.2-1.fc18     
  nemo-extensions.i686 0:1.1.2-1.fc18          python-lxml.i686 0:3.2.1-1.fc18              

完毕！
